build/outputs/logs/manifest-merger-debug-report.txt
-- Merging decision tree log ---
manifest
ADDED from src/main/AndroidManifest.xml:2:1-28:12
	package
		ADDED from src/main/AndroidManifest.xml:3:7-37
		INJECTED from src/main/AndroidManifest.xml
		INJECTED from src/main/AndroidManifest.xml
	android:versionName
		ADDED from src/main/AndroidManifest.xml:5:7-32
		INJECTED from src/main/AndroidManifest.xml
		INJECTED from src/main/AndroidManifest.xml
	android:versionCode
		ADDED from src/main/AndroidManifest.xml:4:7-30
		INJECTED from src/main/AndroidManifest.xml
		INJECTED from src/main/AndroidManifest.xml
	xmlns:android
		ADDED from src/main/AndroidManifest.xml:2:11-69
uses-permission#android.permission.WAKE_LOCK
ADDED from src/main/AndroidManifest.xml:7:7-70
	android:name
		ADDED from src/main/AndroidManifest.xml:7:24-67
application
ADDED from src/main/AndroidManifest.xml:8:3-25:19
	android:label
		ADDED from src/main/AndroidManifest.xml:10:7-39
	android:icon
		ADDED from src/main/AndroidManifest.xml:8:16-45
	android:theme
		ADDED from src/main/AndroidManifest.xml:9:7-65
activity#fishjoy.control.help.Help
ADDED from src/main/AndroidManifest.xml:11:9-71
	android:name
		ADDED from src/main/AndroidManifest.xml:11:19-59
activity#fishjoy.control.game.FishJoy
ADDED from src/main/AndroidManifest.xml:12:6-71
	android:name
		ADDED from src/main/AndroidManifest.xml:12:16-59
activity#fishjoy.control.menu.SubMenuForGame
ADDED from src/main/AndroidManifest.xml:13:6-58
	android:name
		ADDED from src/main/AndroidManifest.xml:13:16-46
activity#fishjoy.control.menu.MainMenu
ADDED from src/main/AndroidManifest.xml:14:9-19:20
	android:label
		ADDED from src/main/AndroidManifest.xml:14:44-76
	android:name
		ADDED from src/main/AndroidManifest.xml:14:19-43
intent-filter#android.intent.action.MAIN+android.intent.category.LAUNCHER
ADDED from src/main/AndroidManifest.xml:15:13-18:29
action#android.intent.action.MAIN
ADDED from src/main/AndroidManifest.xml:16:17-69
	android:name
		ADDED from src/main/AndroidManifest.xml:16:25-66
category#android.intent.category.LAUNCHER
ADDED from src/main/AndroidManifest.xml:17:17-77
	android:name
		ADDED from src/main/AndroidManifest.xml:17:27-74
activity#fishjoy.control.systemsetting.Systemsetting
ADDED from src/main/AndroidManifest.xml:21:3-83
	android:name
		ADDED from src/main/AndroidManifest.xml:21:13-71
activity#fishjoy.control.billboard.Billboard
ADDED from src/main/AndroidManifest.xml:22:3-75
	android:name
		ADDED from src/main/AndroidManifest.xml:22:13-63
activity#fishjoy.control.about.About
ADDED from src/main/AndroidManifest.xml:23:3-67
	android:name
		ADDED from src/main/AndroidManifest.xml:23:13-55